2026-01-31 19:42:22,496 [INFO] Scraping TechGameWorld
2026-01-31 19:42:23,067 [INFO] Scraping Giveaway48
2026-01-31 19:42:23,628 [INFO] Scraped candidates: 65
2026-01-31 19:42:24,381 [INFO] Stored valid allowed link: https://static.moonactive.net/static/coinmaster/reward/reward2.html?c=pe_LINEygSaLN_20260131 (final static.moonactive.net)
2026-01-31 19:42:24,423 [INFO] Stored valid allowed link: https://static.moonactive.net/static/coinmaster/reward/reward2.html?c=pe_INSaLSuKN_20260131 (final static.moonactive.net)
2026-01-31 19:42:24,454 [INFO] Stored valid allowed link: https://static.moonactive.net/static/coinmaster/reward/reward2.html?c=pe_TWIdqSEhD_20260131 (final static.moonactive.net)
2026-01-31 19:42:24,468 [INFO] Stored valid allowed link: https://static.moonactive.net/static/coinmaster/reward/reward2.html?c=pe_RICHtIeQjj_20260118 (final static.moonactive.net)
2026-01-31 19:42:24,481 [INFO] Stored valid allowed link: https://static.moonactive.net/static/coinmaster/reward/reward2.html?c=pe_FCBCkcvEx_20260131 (final static.moonactive.net)
2026-01-31 19:42:24,495 [INFO] Stored valid allowed link: https://static.moonactive.net/static/coinmaster/reward/reward2.html?c=pe_EMAILmqfccX_20260129 (final static.moonactive.net)
2026-01-31 19:42:24,523 [INFO] Stored valid allowed link: https://static.moonactive.net/static/coinmaster/reward/reward2.html?c=pe_FCBTSEqIw_20260131 (final static.moonactive.net)
2026-01-31 19:42:24,540 [INFO] Stored valid allowed link: https://static.moonactive.net/static/coinmaster/reward/reward2.html?c=pe_HELPcpvYhu_20260131 (final static.moonactive.net)
2026-01-31 19:42:24,555 [INFO] Stored valid allowed link: https://static.moonactive.net/static/coinmaster/reward/reward2.html?c=pe_EMAILDscTUh_20260127 (final static.moonactive.net)
2026-01-31 19:42:24,575 [INFO] Stored valid allowed link: https://static.moonactive.net/static/coinmaster/reward/reward2.html?c=pe_FCBLatPAc_20260130 (final static.moonactive.net)
2026-01-31 19:42:24,588 [INFO] Stored valid allowed link: https://static.moonactive.net/static/coinmaster/reward/reward2.html?c=pe_RICHsleSWU_20260118 (final static.moonactive.net)
2026-01-31 19:42:24,606 [INFO] Stored valid allowed link: https://static.moonactive.net/static/coinmaster/reward/reward2.html?c=pe_EMAILotDIFY_20260127 (final static.moonactive.net)
2026-01-31 19:42:24,619 [INFO] Stored valid allowed link: https://static.moonactive.net/static/coinmaster/reward/reward2.html?c=pe_INSaeRdjH_20260130 (final static.moonactive.net)
2026-01-31 19:42:24,633 [INFO] Stored valid allowed link: https://static.moonactive.net/static/coinmaster/reward/reward2.html?c=pe_EMAILtxbtBV_20260128 (final static.moonactive.net)
2026-01-31 19:42:24,646 [INFO] Stored valid allowed link: https://static.moonactive.net/static/coinmaster/reward/reward2.html?c=pe_TWIPHfAds_20260130 (final static.moonactive.net)
2026-01-31 19:42:24,660 [INFO] Stored valid allowed link: https://static.moonactive.net/static/coinmaster/reward/reward2.html?c=pe_CHATBOLMdUu_20260129 (final static.moonactive.net)
2026-01-31 19:42:24,673 [INFO] Stored valid allowed link: https://static.moonactive.net/static/coinmaster/reward/reward2.html?c=pe_LINEpCteDF_20260130 (final static.moonactive.net)
2026-01-31 19:42:24,687 [INFO] Stored valid allowed link: https://static.moonactive.net/static/coinmaster/reward/reward2.html?c=pe_FCBeqhjID_20260130 (final static.moonactive.net)
2026-01-31 19:42:24,700 [INFO] Stored valid allowed link: https://static.moonactive.net/static/coinmaster/reward/reward2.html?c=pe_EMAILtMhXCP_20260126 (final static.moonactive.net)
2026-01-31 19:42:24,716 [INFO] Stored valid allowed link: https://static.moonactive.net/static/coinmaster/reward/reward2.html?c=pe_FCBzZprzA_20260129 (final static.moonactive.net)
2026-01-31 19:42:24,732 [INFO] Stored valid allowed link: https://static.moonactive.net/static/coinmaster/reward/reward2.html?c=pe_EMAILzaPbxf_20260125 (final static.moonactive.net)
2026-01-31 19:42:24,746 [INFO] Stored valid allowed link: https://static.moonactive.net/static/coinmaster/reward/reward2.html?c=pe_TWIyukyRP_20260129 (final static.moonactive.net)
2026-01-31 19:42:24,760 [INFO] Stored valid allowed link: https://static.moonactive.net/static/coinmaster/reward/reward2.html?c=pe_HELPlhsNHo_20260130 (final static.moonactive.net)
2026-01-31 19:42:24,774 [INFO] Stored valid allowed link: https://static.moonactive.net/static/coinmaster/reward/reward2.html?c=pe_LINEyqSvtn_20260129 (final static.moonactive.net)
2026-01-31 19:42:24,787 [INFO] Stored valid allowed link: https://static.moonactive.net/static/coinmaster/reward/reward2.html?c=pe_EMAILBHeygH_20260127 (final static.moonactive.net)
2026-01-31 19:42:24,800 [INFO] Stored valid allowed link: https://static.moonactive.net/static/coinmaster/reward/reward2.html?c=pe_RICHeZGFOh_20260118 (final static.moonactive.net)
2026-01-31 19:42:24,813 [INFO] Stored valid allowed link: https://static.moonactive.net/static/coinmaster/reward/reward2.html?c=pe_FCBZvSWxH_20260129 (final static.moonactive.net)
2026-01-31 19:42:24,827 [INFO] Stored valid allowed link: https://static.moonactive.net/static/coinmaster/reward/reward2.html?c=pe_EMAILlNybyS_20260128 (final static.moonactive.net)
2026-01-31 19:42:24,840 [INFO] Stored valid allowed link: https://static.moonactive.net/static/coinmaster/reward/reward2.html?c=pe_TWIvcjRps_20260128 (final static.moonactive.net)
2026-01-31 19:42:24,853 [INFO] Stored valid allowed link: https://static.moonactive.net/static/coinmaster/reward/reward2.html?c=pe_INSaXueJm_20260128 (final static.moonactive.net)
2026-01-31 19:42:24,867 [INFO] Stored valid allowed link: https://static.moonactive.net/static/coinmaster/reward/reward2.html?c=pe_INSVIMtZt_20260129 (final static.moonactive.net)
2026-01-31 19:42:24,886 [INFO] Stored valid allowed link: https://static.moonactive.net/static/coinmaster/reward/reward2.html?c=pe_HELPNsKObU_20260129 (final static.moonactive.net)
2026-01-31 19:42:24,901 [INFO] Stored valid allowed link: https://static.moonactive.net/static/coinmaster/reward/reward2.html?c=pe_TWIZPZwFK_20260127 (final static.moonactive.net)
2026-01-31 19:42:24,914 [INFO] Stored valid allowed link: https://static.moonactive.net/static/coinmaster/reward/reward2.html?c=pe_HELPjAvyLm_20260128 (final static.moonactive.net)
2026-01-31 19:42:24,927 [INFO] Stored valid allowed link: https://static.moonactive.net/static/coinmaster/reward/reward2.html?c=pe_INSAqnXhQ_20260127 (final static.moonactive.net)
2026-01-31 19:42:24,933 [INFO] Stored valid allowed link: https://static.moonactive.net/static/coinmaster/reward/reward2.html?c=pe_FCBhblYwg_20260128 (final static.moonactive.net)
2026-01-31 19:42:24,948 [INFO] Stored valid allowed link: https://static.moonactive.net/static/coinmaster/reward/reward2.html?c=pe_LINEnDpklS_20260127 (final static.moonactive.net)
2026-01-31 19:42:24,960 [INFO] Stored valid allowed link: https://static.moonactive.net/static/coinmaster/reward/reward2.html?c=pe_RICHBpJvCt_20260118 (final static.moonactive.net)
2026-01-31 19:42:24,974 [INFO] Stored valid allowed link: https://static.moonactive.net/static/coinmaster/reward/reward2.html?c=pe_EMAILyWKHAq_20260126 (final static.moonactive.net)
2026-01-31 19:42:24,988 [INFO] Stored valid allowed link: https://static.moonactive.net/static/coinmaster/reward/reward2.html?c=pe_RICHeHehqr_20260118 (final static.moonactive.net)
2026-01-31 19:42:25,001 [INFO] Stored valid allowed link: https://static.moonactive.net/static/coinmaster/reward/reward2.html?c=pe_EMAILyEDKiH_20260125 (final static.moonactive.net)
2026-01-31 19:42:25,016 [INFO] Stored valid allowed link: https://static.moonactive.net/static/coinmaster/reward/reward2.html?c=pe_FCBupBfsC_20260126 (final static.moonactive.net)
2026-01-31 19:42:25,029 [INFO] Stored valid allowed link: https://static.moonactive.net/static/coinmaster/reward/reward2.html?c=pe_CHATBmNrTgh_20260126 (final static.moonactive.net)
2026-01-31 19:42:25,042 [INFO] Stored valid allowed link: https://static.moonactive.net/static/coinmaster/reward/reward2.html?c=pe_EMAILWjtUzB_20260127 (final static.moonactive.net)
2026-01-31 19:42:25,055 [INFO] Stored valid allowed link: https://static.moonactive.net/static/coinmaster/reward/reward2.html?c=pe_FCBeNjNkZ_20260126 (final static.moonactive.net)
2026-01-31 19:42:25,217 [INFO] Stored valid allowed link: https://static.moonactive.net/static/coinmaster/reward/reward2.html?c=pe_HELPkUtNpm_20260127 (final static.moonactive.net)
2026-01-31 19:42:25,565 [INFO] Stored valid allowed link: https://static.moonactive.net/static/coinmaster/reward/reward2.html?c=pe_FCBgRSfiS_20260127 (final static.moonactive.net)
2026-01-31 19:42:25,579 [INFO] Stored valid allowed link: https://static.moonactive.net/static/coinmaster/reward/reward2.html?c=pe_FCBIAPHim_20260127 (final static.moonactive.net)
2026-01-31 19:42:26,377 [INFO] Run complete — 48/65 accepted (final domain == static.moonactive.net) in 3.9s
2026-01-31 19:42:26,377 [INFO] Removed None expired/invalid entries
2026-01-31 19:42:26,378 [INFO] Starting local Web UI on http://127.0.0.1:5000
2026-01-31 19:42:26,385 [INFO] [31m[1mWARNING: This is a development server. Do not use it in a production deployment. Use a production WSGI server instead.[0m
 * Running on http://127.0.0.1:5000
2026-01-31 19:42:26,385 [INFO] [33mPress CTRL+C to quit[0m
2026-01-31 19:42:28,626 [INFO] 127.0.0.1 - - [31/Jan/2026 19:42:28] "GET / HTTP/1.1" 200 -
2026-01-31 19:42:29,568 [INFO] 127.0.0.1 - - [31/Jan/2026 19:42:29] "GET / HTTP/1.1" 200 -
2026-01-31 19:56:45,330 [INFO] Scraping TechGameWorld
2026-01-31 19:56:46,122 [INFO] Scraping Giveaway48
2026-01-31 19:56:47,474 [INFO] Scraped candidates: 65
2026-01-31 19:56:48,301 [INFO] Stored valid allowed link: https://static.moonactive.net/static/coinmaster/reward/reward2.html?c=pe_INSaLSuKN_20260131 (final static.moonactive.net)
2026-01-31 19:56:48,333 [INFO] Stored valid allowed link: https://static.moonactive.net/static/coinmaster/reward/reward2.html?c=pe_RICHtIeQjj_20260118 (final static.moonactive.net)
2026-01-31 19:56:48,346 [INFO] Stored valid allowed link: https://static.moonactive.net/static/coinmaster/reward/reward2.html?c=pe_EMAILDscTUh_20260127 (final static.moonactive.net)
2026-01-31 19:56:48,360 [INFO] Stored valid allowed link: https://static.moonactive.net/static/coinmaster/reward/reward2.html?c=pe_TWIdqSEhD_20260131 (final static.moonactive.net)
2026-01-31 19:56:48,374 [INFO] Stored valid allowed link: https://static.moonactive.net/static/coinmaster/reward/reward2.html?c=pe_HELPcpvYhu_20260131 (final static.moonactive.net)
2026-01-31 19:56:48,387 [INFO] Stored valid allowed link: https://static.moonactive.net/static/coinmaster/reward/reward2.html?c=pe_LINEygSaLN_20260131 (final static.moonactive.net)
2026-01-31 19:56:48,401 [INFO] Stored valid allowed link: https://static.moonactive.net/static/coinmaster/reward/reward2.html?c=pe_FCBeqhjID_20260130 (final static.moonactive.net)
2026-01-31 19:56:48,415 [INFO] Stored valid allowed link: https://static.moonactive.net/static/coinmaster/reward/reward2.html?c=pe_EMAILotDIFY_20260127 (final static.moonactive.net)
2026-01-31 19:56:48,429 [INFO] Stored valid allowed link: https://static.moonactive.net/static/coinmaster/reward/reward2.html?c=pe_FCBLatPAc_20260130 (final static.moonactive.net)
2026-01-31 19:56:48,443 [INFO] Stored valid allowed link: https://static.moonactive.net/static/coinmaster/reward/reward2.html?c=pe_RICHsleSWU_20260118 (final static.moonactive.net)
2026-01-31 19:56:48,467 [INFO] Stored valid allowed link: https://static.moonactive.net/static/coinmaster/reward/reward2.html?c=pe_EMAILtxbtBV_20260128 (final static.moonactive.net)
2026-01-31 19:56:48,480 [INFO] Stored valid allowed link: https://static.moonactive.net/static/coinmaster/reward/reward2.html?c=pe_LINEpCteDF_20260130 (final static.moonactive.net)
2026-01-31 19:56:48,494 [INFO] Stored valid allowed link: https://static.moonactive.net/static/coinmaster/reward/reward2.html?c=pe_INSaeRdjH_20260130 (final static.moonactive.net)
2026-01-31 19:56:48,507 [INFO] Stored valid allowed link: https://static.moonactive.net/static/coinmaster/reward/reward2.html?c=pe_TWIPHfAds_20260130 (final static.moonactive.net)
2026-01-31 19:56:48,521 [INFO] Stored valid allowed link: https://static.moonactive.net/static/coinmaster/reward/reward2.html?c=pe_HELPlhsNHo_20260130 (final static.moonactive.net)
2026-01-31 19:56:48,537 [INFO] Stored valid allowed link: https://static.moonactive.net/static/coinmaster/reward/reward2.html?c=pe_CHATBOLMdUu_20260129 (final static.moonactive.net)
2026-01-31 19:56:48,554 [INFO] Stored valid allowed link: https://static.moonactive.net/static/coinmaster/reward/reward2.html?c=pe_EMAILtMhXCP_20260126 (final static.moonactive.net)
2026-01-31 19:56:48,572 [INFO] Stored valid allowed link: https://static.moonactive.net/static/coinmaster/reward/reward2.html?c=pe_FCBzZprzA_20260129 (final static.moonactive.net)
2026-01-31 19:56:48,587 [INFO] Stored valid allowed link: https://static.moonactive.net/static/coinmaster/reward/reward2.html?c=pe_EMAILzaPbxf_20260125 (final static.moonactive.net)
2026-01-31 19:56:48,600 [INFO] Stored valid allowed link: https://static.moonactive.net/static/coinmaster/reward/reward2.html?c=pe_TWIyukyRP_20260129 (final static.moonactive.net)
2026-01-31 19:56:48,614 [INFO] Stored valid allowed link: https://static.moonactive.net/static/coinmaster/reward/reward2.html?c=pe_INSVIMtZt_20260129 (final static.moonactive.net)
2026-01-31 19:56:48,628 [INFO] Stored valid allowed link: https://static.moonactive.net/static/coinmaster/reward/reward2.html?c=pe_RICHeZGFOh_20260118 (final static.moonactive.net)
2026-01-31 19:56:48,641 [INFO] Stored valid allowed link: https://static.moonactive.net/static/coinmaster/reward/reward2.html?c=pe_EMAILBHeygH_20260127 (final static.moonactive.net)
2026-01-31 19:56:48,654 [INFO] Stored valid allowed link: https://static.moonactive.net/static/coinmaster/reward/reward2.html?c=pe_LINEyqSvtn_20260129 (final static.moonactive.net)
2026-01-31 19:56:48,669 [INFO] Stored valid allowed link: https://static.moonactive.net/static/coinmaster/reward/reward2.html?c=pe_FCBZvSWxH_20260129 (final static.moonactive.net)
2026-01-31 19:56:48,696 [INFO] Stored valid allowed link: https://static.moonactive.net/static/coinmaster/reward/reward2.html?c=pe_EMAILlNybyS_20260128 (final static.moonactive.net)
2026-01-31 19:56:48,709 [INFO] Stored valid allowed link: https://static.moonactive.net/static/coinmaster/reward/reward2.html?c=pe_HELPNsKObU_20260129 (final static.moonactive.net)
2026-01-31 19:56:48,725 [INFO] Stored valid allowed link: https://static.moonactive.net/static/coinmaster/reward/reward2.html?c=pe_TWIvcjRps_20260128 (final static.moonactive.net)
2026-01-31 19:56:48,738 [INFO] Stored valid allowed link: https://static.moonactive.net/static/coinmaster/reward/reward2.html?c=pe_INSaXueJm_20260128 (final static.moonactive.net)
2026-01-31 19:56:48,752 [INFO] Stored valid allowed link: https://static.moonactive.net/static/coinmaster/reward/reward2.html?c=pe_RICHBpJvCt_20260118 (final static.moonactive.net)
2026-01-31 19:56:48,766 [INFO] Stored valid allowed link: https://static.moonactive.net/static/coinmaster/reward/reward2.html?c=pe_EMAILyWKHAq_20260126 (final static.moonactive.net)
2026-01-31 19:56:48,781 [INFO] Stored valid allowed link: https://static.moonactive.net/static/coinmaster/reward/reward2.html?c=pe_FCBhblYwg_20260128 (final static.moonactive.net)
2026-01-31 19:56:48,802 [INFO] Stored valid allowed link: https://static.moonactive.net/static/coinmaster/reward/reward2.html?c=pe_FCBCkcvEx_20260131 (final static.moonactive.net)
2026-01-31 19:56:48,817 [INFO] Stored valid allowed link: https://static.moonactive.net/static/coinmaster/reward/reward2.html?c=pe_EMAILWjtUzB_20260127 (final static.moonactive.net)
2026-01-31 19:56:48,831 [INFO] Stored valid allowed link: https://static.moonactive.net/static/coinmaster/reward/reward2.html?c=pe_TWIZPZwFK_20260127 (final static.moonactive.net)
2026-01-31 19:56:48,845 [INFO] Stored valid allowed link: https://static.moonactive.net/static/coinmaster/reward/reward2.html?c=pe_INSAqnXhQ_20260127 (final static.moonactive.net)
2026-01-31 19:56:48,860 [INFO] Stored valid allowed link: https://static.moonactive.net/static/coinmaster/reward/reward2.html?c=pe_EMAILmqfccX_20260129 (final static.moonactive.net)
2026-01-31 19:56:48,873 [INFO] Stored valid allowed link: https://static.moonactive.net/static/coinmaster/reward/reward2.html?c=pe_HELPjAvyLm_20260128 (final static.moonactive.net)
2026-01-31 19:56:48,886 [INFO] Stored valid allowed link: https://static.moonactive.net/static/coinmaster/reward/reward2.html?c=pe_EMAILyEDKiH_20260125 (final static.moonactive.net)
2026-01-31 19:56:48,901 [INFO] Stored valid allowed link: https://static.moonactive.net/static/coinmaster/reward/reward2.html?c=pe_FCBgRSfiS_20260127 (final static.moonactive.net)
2026-01-31 19:56:48,914 [INFO] Stored valid allowed link: https://static.moonactive.net/static/coinmaster/reward/reward2.html?c=pe_RICHeHehqr_20260118 (final static.moonactive.net)
2026-01-31 19:56:48,927 [INFO] Stored valid allowed link: https://static.moonactive.net/static/coinmaster/reward/reward2.html?c=pe_FCBIAPHim_20260127 (final static.moonactive.net)
2026-01-31 19:56:48,943 [INFO] Stored valid allowed link: https://static.moonactive.net/static/coinmaster/reward/reward2.html?c=pe_FCBTSEqIw_20260131 (final static.moonactive.net)
2026-01-31 19:56:48,957 [INFO] Stored valid allowed link: https://static.moonactive.net/static/coinmaster/reward/reward2.html?c=pe_LINEnDpklS_20260127 (final static.moonactive.net)
2026-01-31 19:56:48,970 [INFO] Stored valid allowed link: https://static.moonactive.net/static/coinmaster/reward/reward2.html?c=pe_CHATBmNrTgh_20260126 (final static.moonactive.net)
2026-01-31 19:56:49,122 [INFO] Stored valid allowed link: https://static.moonactive.net/static/coinmaster/reward/reward2.html?c=pe_FCBeNjNkZ_20260126 (final static.moonactive.net)
2026-01-31 19:56:49,135 [INFO] Stored valid allowed link: https://static.moonactive.net/static/coinmaster/reward/reward2.html?c=pe_HELPkUtNpm_20260127 (final static.moonactive.net)
2026-01-31 19:56:49,162 [INFO] Stored valid allowed link: https://static.moonactive.net/static/coinmaster/reward/reward2.html?c=pe_FCBupBfsC_20260126 (final static.moonactive.net)
2026-01-31 19:56:50,637 [INFO] Run complete — 48/65 accepted (final domain == static.moonactive.net) in 5.3s
2026-01-31 19:56:50,637 [INFO] Removed None expired/invalid entries
2026-01-31 19:57:14,329 [INFO] Scraping TechGameWorld
2026-01-31 19:57:14,916 [INFO] Scraping Giveaway48
2026-01-31 19:57:15,478 [INFO] Scraped candidates: 65
2026-01-31 19:57:16,182 [INFO] Stored valid allowed link: https://static.moonactive.net/static/coinmaster/reward/reward2.html?c=pe_EMAILDscTUh_20260127 (final static.moonactive.net)
2026-01-31 19:57:16,247 [INFO] Stored valid allowed link: https://static.moonactive.net/static/coinmaster/reward/reward2.html?c=pe_INSaLSuKN_20260131 (final static.moonactive.net)
2026-01-31 19:57:16,292 [INFO] Stored valid allowed link: https://static.moonactive.net/static/coinmaster/reward/reward2.html?c=pe_TWIdqSEhD_20260131 (final static.moonactive.net)
2026-01-31 19:57:16,312 [INFO] Stored valid allowed link: https://static.moonactive.net/static/coinmaster/reward/reward2.html?c=pe_FCBCkcvEx_20260131 (final static.moonactive.net)
2026-01-31 19:57:16,327 [INFO] Stored valid allowed link: https://static.moonactive.net/static/coinmaster/reward/reward2.html?c=pe_LINEygSaLN_20260131 (final static.moonactive.net)
2026-01-31 19:57:16,340 [INFO] Stored valid allowed link: https://static.moonactive.net/static/coinmaster/reward/reward2.html?c=pe_EMAILmqfccX_20260129 (final static.moonactive.net)
2026-01-31 19:57:16,354 [INFO] Stored valid allowed link: https://static.moonactive.net/static/coinmaster/reward/reward2.html?c=pe_FCBTSEqIw_20260131 (final static.moonactive.net)
2026-01-31 19:57:16,367 [INFO] Stored valid allowed link: https://static.moonactive.net/static/coinmaster/reward/reward2.html?c=pe_HELPcpvYhu_20260131 (final static.moonactive.net)
2026-01-31 19:57:16,381 [INFO] Stored valid allowed link: https://static.moonactive.net/static/coinmaster/reward/reward2.html?c=pe_FCBeqhjID_20260130 (final static.moonactive.net)
2026-01-31 19:57:16,394 [INFO] Stored valid allowed link: https://static.moonactive.net/static/coinmaster/reward/reward2.html?c=pe_RICHtIeQjj_20260118 (final static.moonactive.net)
2026-01-31 19:57:16,415 [INFO] Stored valid allowed link: https://static.moonactive.net/static/coinmaster/reward/reward2.html?c=pe_RICHsleSWU_20260118 (final static.moonactive.net)
2026-01-31 19:57:16,428 [INFO] Stored valid allowed link: https://static.moonactive.net/static/coinmaster/reward/reward2.html?c=pe_EMAILtxbtBV_20260128 (final static.moonactive.net)
2026-01-31 19:57:16,442 [INFO] Stored valid allowed link: https://static.moonactive.net/static/coinmaster/reward/reward2.html?c=pe_LINEpCteDF_20260130 (final static.moonactive.net)
2026-01-31 19:57:16,455 [INFO] Stored valid allowed link: https://static.moonactive.net/static/coinmaster/reward/reward2.html?c=pe_FCBLatPAc_20260130 (final static.moonactive.net)
2026-01-31 19:57:16,469 [INFO] Stored valid allowed link: https://static.moonactive.net/static/coinmaster/reward/reward2.html?c=pe_HELPlhsNHo_20260130 (final static.moonactive.net)
2026-01-31 19:57:16,484 [INFO] Stored valid allowed link: https://static.moonactive.net/static/coinmaster/reward/reward2.html?c=pe_CHATBOLMdUu_20260129 (final static.moonactive.net)
2026-01-31 19:57:16,498 [INFO] Stored valid allowed link: https://static.moonactive.net/static/coinmaster/reward/reward2.html?c=pe_EMAILtMhXCP_20260126 (final static.moonactive.net)
2026-01-31 19:57:16,511 [INFO] Stored valid allowed link: https://static.moonactive.net/static/coinmaster/reward/reward2.html?c=pe_FCBzZprzA_20260129 (final static.moonactive.net)
2026-01-31 19:57:16,527 [INFO] Stored valid allowed link: https://static.moonactive.net/static/coinmaster/reward/reward2.html?c=pe_INSaeRdjH_20260130 (final static.moonactive.net)
2026-01-31 19:57:16,540 [INFO] Stored valid allowed link: https://static.moonactive.net/static/coinmaster/reward/reward2.html?c=pe_TWIPHfAds_20260130 (final static.moonactive.net)
2026-01-31 19:57:16,558 [INFO] Stored valid allowed link: https://static.moonactive.net/static/coinmaster/reward/reward2.html?c=pe_EMAILzaPbxf_20260125 (final static.moonactive.net)
2026-01-31 19:57:16,577 [INFO] Stored valid allowed link: https://static.moonactive.net/static/coinmaster/reward/reward2.html?c=pe_RICHeZGFOh_20260118 (final static.moonactive.net)
2026-01-31 19:57:16,590 [INFO] Stored valid allowed link: https://static.moonactive.net/static/coinmaster/reward/reward2.html?c=pe_EMAILBHeygH_20260127 (final static.moonactive.net)
2026-01-31 19:57:16,603 [INFO] Stored valid allowed link: https://static.moonactive.net/static/coinmaster/reward/reward2.html?c=pe_LINEyqSvtn_20260129 (final static.moonactive.net)
2026-01-31 19:57:16,618 [INFO] Stored valid allowed link: https://static.moonactive.net/static/coinmaster/reward/reward2.html?c=pe_FCBZvSWxH_20260129 (final static.moonactive.net)
2026-01-31 19:57:16,632 [INFO] Stored valid allowed link: https://static.moonactive.net/static/coinmaster/reward/reward2.html?c=pe_TWIyukyRP_20260129 (final static.moonactive.net)
2026-01-31 19:57:16,645 [INFO] Stored valid allowed link: https://static.moonactive.net/static/coinmaster/reward/reward2.html?c=pe_EMAILlNybyS_20260128 (final static.moonactive.net)
2026-01-31 19:57:16,659 [INFO] Stored valid allowed link: https://static.moonactive.net/static/coinmaster/reward/reward2.html?c=pe_INSVIMtZt_20260129 (final static.moonactive.net)
2026-01-31 19:57:16,674 [INFO] Stored valid allowed link: https://static.moonactive.net/static/coinmaster/reward/reward2.html?c=pe_HELPNsKObU_20260129 (final static.moonactive.net)
2026-01-31 19:57:16,687 [INFO] Stored valid allowed link: https://static.moonactive.net/static/coinmaster/reward/reward2.html?c=pe_TWIvcjRps_20260128 (final static.moonactive.net)
2026-01-31 19:57:16,701 [INFO] Stored valid allowed link: https://static.moonactive.net/static/coinmaster/reward/reward2.html?c=pe_INSaXueJm_20260128 (final static.moonactive.net)
2026-01-31 19:57:16,714 [INFO] Stored valid allowed link: https://static.moonactive.net/static/coinmaster/reward/reward2.html?c=pe_RICHBpJvCt_20260118 (final static.moonactive.net)
2026-01-31 19:57:16,728 [INFO] Stored valid allowed link: https://static.moonactive.net/static/coinmaster/reward/reward2.html?c=pe_EMAILyWKHAq_20260126 (final static.moonactive.net)
2026-01-31 19:57:16,742 [INFO] Stored valid allowed link: https://static.moonactive.net/static/coinmaster/reward/reward2.html?c=pe_FCBhblYwg_20260128 (final static.moonactive.net)
2026-01-31 19:57:16,755 [INFO] Stored valid allowed link: https://static.moonactive.net/static/coinmaster/reward/reward2.html?c=pe_HELPjAvyLm_20260128 (final static.moonactive.net)
2026-01-31 19:57:16,768 [INFO] Stored valid allowed link: https://static.moonactive.net/static/coinmaster/reward/reward2.html?c=pe_TWIZPZwFK_20260127 (final static.moonactive.net)
2026-01-31 19:57:16,783 [INFO] Stored valid allowed link: https://static.moonactive.net/static/coinmaster/reward/reward2.html?c=pe_INSAqnXhQ_20260127 (final static.moonactive.net)
2026-01-31 19:57:16,797 [INFO] Stored valid allowed link: https://static.moonactive.net/static/coinmaster/reward/reward2.html?c=pe_EMAILWjtUzB_20260127 (final static.moonactive.net)
2026-01-31 19:57:16,810 [INFO] Stored valid allowed link: https://static.moonactive.net/static/coinmaster/reward/reward2.html?c=pe_LINEnDpklS_20260127 (final static.moonactive.net)
2026-01-31 19:57:16,824 [INFO] Stored valid allowed link: https://static.moonactive.net/static/coinmaster/reward/reward2.html?c=pe_FCBgRSfiS_20260127 (final static.moonactive.net)
2026-01-31 19:57:16,837 [INFO] Stored valid allowed link: https://static.moonactive.net/static/coinmaster/reward/reward2.html?c=pe_RICHeHehqr_20260118 (final static.moonactive.net)
2026-01-31 19:57:16,851 [INFO] Stored valid allowed link: https://static.moonactive.net/static/coinmaster/reward/reward2.html?c=pe_EMAILotDIFY_20260127 (final static.moonactive.net)
2026-01-31 19:57:16,864 [INFO] Stored valid allowed link: https://static.moonactive.net/static/coinmaster/reward/reward2.html?c=pe_FCBupBfsC_20260126 (final static.moonactive.net)
2026-01-31 19:57:16,882 [INFO] Stored valid allowed link: https://static.moonactive.net/static/coinmaster/reward/reward2.html?c=pe_EMAILyEDKiH_20260125 (final static.moonactive.net)
2026-01-31 19:57:16,895 [INFO] Stored valid allowed link: https://static.moonactive.net/static/coinmaster/reward/reward2.html?c=pe_CHATBmNrTgh_20260126 (final static.moonactive.net)
2026-01-31 19:57:16,908 [INFO] Stored valid allowed link: https://static.moonactive.net/static/coinmaster/reward/reward2.html?c=pe_HELPkUtNpm_20260127 (final static.moonactive.net)
2026-01-31 19:57:16,922 [INFO] Stored valid allowed link: https://static.moonactive.net/static/coinmaster/reward/reward2.html?c=pe_FCBeNjNkZ_20260126 (final static.moonactive.net)
2026-01-31 19:57:16,936 [INFO] Stored valid allowed link: https://static.moonactive.net/static/coinmaster/reward/reward2.html?c=pe_FCBIAPHim_20260127 (final static.moonactive.net)
2026-01-31 19:57:18,164 [INFO] Run complete — 48/65 accepted (final domain == static.moonactive.net) in 3.8s
2026-01-31 19:57:18,164 [INFO] Removed None expired/invalid entries
2026-01-31 19:57:18,164 [INFO] Starting local Web UI on http://127.0.0.1:5000
2026-01-31 19:57:18,172 [INFO] [31m[1mWARNING: This is a development server. Do not use it in a production deployment. Use a production WSGI server instead.[0m
 * Running on http://127.0.0.1:5000
2026-01-31 19:57:18,173 [INFO] [33mPress CTRL+C to quit[0m
2026-01-31 19:57:28,321 [INFO] 127.0.0.1 - - [31/Jan/2026 19:57:28] "GET / HTTP/1.1" 200 -
